[0m19:52:02.746406 [debug] [MainThread]: Sending event: {'category': 'dbt', 'action': 'invocation', 'label': 'start', 'context': [<snowplow_tracker.self_describing_json.SelfDescribingJson object at 0x000001EFB6649010>, <snowplow_tracker.self_describing_json.SelfDescribingJson object at 0x000001EFB41A8050>, <snowplow_tracker.self_describing_json.SelfDescribingJson object at 0x000001EFB77A3C50>]}


============================== 19:52:02.958213 | 8eefc94f-84b3-4b25-a2b8-cfacbfcecc9e ==============================
[0m19:52:02.958213 [info ] [MainThread]: Running with dbt=1.11.2
[0m19:52:02.959616 [debug] [MainThread]: running dbt with arguments {'version_check': 'True', 'no_print': 'None', 'static_parser': 'True', 'warn_error_options': 'WarnErrorOptionsV2(error=[], warn=[], silence=[])', 'target_path': 'None', 'printer_width': '80', 'write_json': 'True', 'empty': 'None', 'log_cache_events': 'False', 'introspect': 'True', 'cache_selected_only': 'False', 'log_format': 'default', 'debug': 'False', 'fail_fast': 'False', 'profiles_dir': 'C:\\Users\\h\\.dbt', 'send_anonymous_usage_stats': 'True', 'quiet': 'False', 'warn_error': 'None', 'partial_parse': 'True', 'use_colors': 'True', 'invocation_command': 'dbt init medical_warehouse', 'indirect_selection': 'eager', 'use_experimental_parser': 'False', 'log_path': 'logs'}
[0m19:52:03.494729 [info ] [MainThread]: Creating dbt configuration folder at C:\Users\h\.dbt
[0m19:52:03.516983 [debug] [MainThread]: Starter project path: C:\Users\h\Desktop\Week 8\medical-telegram-warehouse\.venv\Lib\site-packages\dbt\include\starter_project
[0m19:52:03.811410 [info ] [MainThread]: 
Your new dbt project "medical_warehouse" was created!

For more information on how to configure the profiles.yml file,
please consult the dbt documentation here:

  https://docs.getdbt.com/docs/configure-your-profile

One more thing:

Need help? Don't hesitate to reach out to us via GitHub issues or on Slack:

  https://community.getdbt.com/

Happy modeling!

[0m19:52:03.816625 [info ] [MainThread]: Setting up your profile.
[0m19:54:35.143152 [info ] [MainThread]: Profile medical_warehouse written to C:\Users\h\.dbt\profiles.yml using target's profile_template.yml and your supplied values. Run 'dbt debug' to validate the connection.
[0m19:54:35.145245 [debug] [MainThread]: Command `dbt init` succeeded at 19:54:35.145051 after 152.85 seconds
[0m19:54:35.145788 [debug] [MainThread]: Sending event: {'category': 'dbt', 'action': 'invocation', 'label': 'end', 'context': [<snowplow_tracker.self_describing_json.SelfDescribingJson object at 0x000001EFB8981810>, <snowplow_tracker.self_describing_json.SelfDescribingJson object at 0x000001EFB89C0050>, <snowplow_tracker.self_describing_json.SelfDescribingJson object at 0x000001EFB75CBDF0>]}
[0m19:54:35.146308 [debug] [MainThread]: Flushing usage events
[0m19:54:37.885402 [debug] [MainThread]: An error was encountered while trying to flush usage events
